TN:
SF:src\app.js
FN:18,(anonymous_0)
FNF:1
FNH:0
FNDA:0,(anonymous_0)
DA:1,0
DA:2,0
DA:4,0
DA:5,0
DA:6,0
DA:7,0
DA:8,0
DA:9,0
DA:10,0
DA:11,0
DA:13,0
DA:15,0
DA:16,0
DA:18,0
DA:19,0
DA:22,0
DA:23,0
DA:24,0
DA:25,0
DA:26,0
DA:27,0
DA:28,0
DA:30,0
DA:32,0
LF:24
LH:0
BRF:0
BRH:0
end_of_record
TN:
SF:src\controllers\adminController.js
FN:3,listUsers
FN:12,updateUser
FN:29,toggleUserActive
FN:42,getStructure
FN:51,createLesson
FN:64,createTask
FNF:6
FNH:0
FNDA:0,listUsers
FNDA:0,updateUser
FNDA:0,toggleUserActive
FNDA:0,getStructure
FNDA:0,createLesson
FNDA:0,createTask
DA:1,0
DA:4,0
DA:5,0
DA:6,0
DA:8,0
DA:13,0
DA:14,0
DA:15,0
DA:16,0
DA:18,0
DA:19,0
DA:20,0
DA:22,0
DA:23,0
DA:25,0
DA:30,0
DA:31,0
DA:32,0
DA:33,0
DA:35,0
DA:36,0
DA:38,0
DA:43,0
DA:44,0
DA:45,0
DA:47,0
DA:52,0
DA:53,0
DA:54,0
DA:55,0
DA:57,0
DA:58,0
DA:60,0
DA:65,0
DA:66,0
DA:67,0
DA:68,0
DA:70,0
DA:78,0
DA:80,0
DA:84,0
LF:41
LH:0
BRDA:15,0,0,0
BRDA:15,0,1,0
BRDA:15,1,0,0
BRDA:15,1,1,0
BRDA:19,2,0,0
BRDA:19,2,1,0
BRDA:32,3,0,0
BRDA:32,3,1,0
BRDA:32,4,0,0
BRDA:32,4,1,0
BRDA:54,5,0,0
BRDA:54,5,1,0
BRDA:67,6,0,0
BRDA:67,6,1,0
BRF:14
BRH:0
end_of_record
TN:
SF:src\controllers\authController.js
FN:4,register
FN:25,login
FNF:2
FNH:0
FNDA:0,register
FNDA:0,login
DA:1,0
DA:2,0
DA:5,0
DA:6,0
DA:8,0
DA:9,0
DA:11,0
DA:12,0
DA:14,0
DA:15,0
DA:18,0
DA:19,0
DA:21,0
DA:26,0
DA:27,0
DA:29,0
DA:30,0
DA:33,0
DA:34,0
DA:36,0
DA:40,0
LF:21
LH:0
BRDA:8,0,0,0
BRDA:8,0,1,0
BRDA:11,1,0,0
BRDA:11,1,1,0
BRDA:14,2,0,0
BRDA:14,2,1,0
BRDA:29,3,0,0
BRDA:29,3,1,0
BRDA:29,4,0,0
BRDA:29,4,1,0
BRF:10
BRH:0
end_of_record
TN:
SF:src\controllers\courseController.js
FN:3,listCourses
FN:12,getCourse
FN:25,getLesson
FNF:3
FNH:0
FNDA:0,listCourses
FNDA:0,getCourse
FNDA:0,getLesson
DA:1,0
DA:4,0
DA:5,0
DA:6,0
DA:8,0
DA:13,0
DA:14,0
DA:15,0
DA:16,0
DA:18,0
DA:19,0
DA:21,0
DA:26,0
DA:27,0
DA:28,0
DA:29,0
DA:31,0
DA:32,0
DA:34,0
DA:38,0
LF:20
LH:0
BRDA:15,0,0,0
BRDA:15,0,1,0
BRDA:15,1,0,0
BRDA:15,1,1,0
BRDA:28,2,0,0
BRDA:28,2,1,0
BRDA:28,3,0,0
BRDA:28,3,1,0
BRF:8
BRH:0
end_of_record
TN:
SF:src\controllers\gamificationController.js
FN:3,getLeaderboard
FN:13,getMyAchievements
FN:22,testAwardXp
FNF:3
FNH:0
FNDA:0,getLeaderboard
FNDA:0,getMyAchievements
FNDA:0,testAwardXp
DA:1,0
DA:4,0
DA:5,0
DA:6,0
DA:7,0
DA:9,0
DA:14,0
DA:15,0
DA:16,0
DA:18,0
DA:23,0
DA:24,0
DA:25,0
DA:26,0
DA:31,0
DA:32,0
DA:34,0
DA:38,0
LF:18
LH:0
BRDA:5,0,0,0
BRDA:5,0,1,0
BRDA:25,1,0,0
BRDA:25,1,1,0
BRDA:25,2,0,0
BRDA:25,2,1,0
BRDA:25,2,2,0
BRF:7
BRH:0
end_of_record
TN:
SF:src\controllers\taskController.js
FN:3,getTask
FN:17,submitSolution
FN:42,getSubmissionHistory
FNF:3
FNH:0
FNDA:0,getTask
FNDA:0,submitSolution
FNDA:0,getSubmissionHistory
DA:1,0
DA:4,0
DA:5,0
DA:6,0
DA:7,0
DA:10,0
DA:11,0
DA:13,0
DA:18,0
DA:19,0
DA:20,0
DA:22,0
DA:23,0
DA:25,0
DA:26,0
DA:28,0
DA:29,0
DA:31,0
DA:32,0
DA:35,0
DA:36,0
DA:38,0
DA:43,0
DA:44,0
DA:45,0
DA:46,0
DA:49,0
DA:50,0
DA:52,0
DA:56,0
LF:30
LH:0
BRDA:6,0,0,0
BRDA:6,0,1,0
BRDA:6,1,0,0
BRDA:6,1,1,0
BRDA:22,2,0,0
BRDA:22,2,1,0
BRDA:22,3,0,0
BRDA:22,3,1,0
BRDA:25,4,0,0
BRDA:25,4,1,0
BRDA:25,5,0,0
BRDA:25,5,1,0
BRDA:28,6,0,0
BRDA:28,6,1,0
BRDA:31,7,0,0
BRDA:31,7,1,0
BRDA:45,8,0,0
BRDA:45,8,1,0
BRDA:45,9,0,0
BRDA:45,9,1,0
BRF:20
BRH:0
end_of_record
TN:
SF:src\controllers\userController.js
FN:4,getMe
FN:29,updateMe
FN:42,changePassword
FNF:3
FNH:0
FNDA:0,getMe
FNDA:0,updateMe
FNDA:0,changePassword
DA:1,0
DA:2,0
DA:5,0
DA:6,0
DA:20,0
DA:21,0
DA:23,0
DA:25,0
DA:30,0
DA:31,0
DA:32,0
DA:33,0
DA:35,0
DA:36,0
DA:38,0
DA:43,0
DA:44,0
DA:45,0
DA:49,0
DA:51,0
DA:55,0
LF:21
LH:0
BRDA:20,0,0,0
BRDA:20,0,1,0
BRDA:32,1,0,0
BRDA:32,1,1,0
BRF:4
BRH:0
end_of_record
TN:
SF:src\middleware\authMiddleware.js
FN:3,authenticate
FN:19,authorize
FN:20,(anonymous_2)
FNF:3
FNH:3
FNDA:3,authenticate
FNDA:2,authorize
FNDA:2,(anonymous_2)
DA:1,1
DA:4,3
DA:5,3
DA:6,1
DA:9,2
DA:10,2
DA:11,2
DA:12,1
DA:13,1
DA:15,1
DA:20,2
DA:21,2
DA:22,1
DA:24,1
DA:28,1
LF:15
LH:15
BRDA:5,0,0,1
BRDA:5,0,1,2
BRDA:5,1,0,3
BRDA:5,1,1,2
BRDA:21,2,0,1
BRDA:21,2,1,1
BRDA:21,3,0,2
BRDA:21,3,1,2
BRF:8
BRH:8
end_of_record
TN:
SF:src\middleware\errorHandler.js
FN:1,errorHandler
FNF:1
FNH:1
FNDA:2,errorHandler
DA:2,2
DA:3,2
DA:4,2
DA:5,2
DA:8,1
LF:5
LH:5
BRDA:3,0,0,2
BRDA:3,0,1,1
BRDA:4,1,0,1
BRDA:4,1,1,1
BRF:4
BRH:4
end_of_record
TN:
SF:src\routes\adminRoutes.js
FNF:0
FNH:0
DA:1,0
DA:2,0
DA:3,0
DA:5,0
DA:7,0
DA:9,0
DA:10,0
DA:11,0
DA:13,0
DA:14,0
DA:15,0
DA:17,0
LF:12
LH:0
BRF:0
BRH:0
end_of_record
TN:
SF:src\routes\authRoutes.js
FNF:0
FNH:0
DA:1,0
DA:2,0
DA:4,0
DA:6,0
DA:7,0
DA:9,0
LF:6
LH:0
BRF:0
BRH:0
end_of_record
TN:
SF:src\routes\courseRoutes.js
FNF:0
FNH:0
DA:1,0
DA:2,0
DA:3,0
DA:5,0
DA:7,0
DA:8,0
DA:10,0
LF:7
LH:0
BRF:0
BRH:0
end_of_record
TN:
SF:src\routes\gamificationRoutes.js
FNF:0
FNH:0
DA:1,0
DA:2,0
DA:3,0
DA:5,0
DA:7,0
DA:8,0
DA:9,0
DA:11,0
LF:8
LH:0
BRF:0
BRH:0
end_of_record
TN:
SF:src\routes\lessonRoutes.js
FNF:0
FNH:0
DA:1,0
DA:2,0
DA:3,0
DA:5,0
DA:7,0
DA:9,0
LF:6
LH:0
BRF:0
BRH:0
end_of_record
TN:
SF:src\routes\taskRoutes.js
FNF:0
FNH:0
DA:1,0
DA:2,0
DA:3,0
DA:5,0
DA:7,0
DA:8,0
DA:9,0
DA:11,0
LF:8
LH:0
BRF:0
BRH:0
end_of_record
TN:
SF:src\routes\userRoutes.js
FNF:0
FNH:0
DA:1,0
DA:2,0
DA:3,0
DA:5,0
DA:7,0
DA:8,0
DA:9,0
DA:11,0
LF:8
LH:0
BRF:0
BRH:0
end_of_record
TN:
SF:src\services\adminService.js
FN:4,getAllUsers
FN:21,updateUserName
FN:44,toggleUserActive
FN:81,getStructure
FN:107,createLesson
FN:141,createTask
FN:203,(anonymous_6)
FNF:7
FNH:5
FNDA:0,getAllUsers
FNDA:2,updateUserName
FNDA:4,toggleUserActive
FNDA:0,getStructure
FNDA:3,createLesson
FNDA:3,createTask
FNDA:1,(anonymous_6)
DA:1,1
DA:2,1
DA:5,0
DA:22,2
DA:23,1
DA:24,1
DA:25,1
DA:27,1
DA:45,4
DA:46,4
DA:47,1
DA:48,1
DA:49,1
DA:52,3
DA:53,1
DA:54,1
DA:55,1
DA:58,2
DA:59,1
DA:60,1
DA:61,1
DA:64,1
DA:82,0
DA:108,3
DA:109,3
DA:110,1
DA:111,1
DA:112,1
DA:114,2
DA:115,0
DA:116,0
DA:117,0
DA:119,2
DA:120,1
DA:121,1
DA:122,1
DA:125,1
DA:129,1
DA:131,1
DA:142,3
DA:143,3
DA:144,0
DA:145,0
DA:146,0
DA:148,3
DA:149,0
DA:150,0
DA:151,0
DA:153,3
DA:154,0
DA:155,0
DA:156,0
DA:158,3
DA:159,0
DA:160,0
DA:161,0
DA:163,3
DA:164,1
DA:165,1
DA:166,1
DA:168,2
DA:169,0
DA:170,0
DA:171,0
DA:174,2
DA:175,2
DA:176,0
DA:177,0
DA:178,0
DA:180,2
DA:181,0
DA:182,0
DA:183,0
DA:185,2
DA:186,2
DA:187,1
DA:189,1
DA:190,1
DA:191,1
DA:195,1
DA:203,1
DA:214,1
LF:82
LH:56
BRDA:22,0,0,1
BRDA:22,0,1,1
BRDA:46,1,0,1
BRDA:46,1,1,3
BRDA:52,2,0,1
BRDA:52,2,1,2
BRDA:58,3,0,1
BRDA:58,3,1,1
BRDA:109,4,0,1
BRDA:109,4,1,2
BRDA:114,5,0,0
BRDA:114,5,1,2
BRDA:114,6,0,2
BRDA:114,6,1,2
BRDA:119,7,0,1
BRDA:119,7,1,1
BRDA:119,8,0,2
BRDA:119,8,1,2
BRDA:129,9,0,1
BRDA:129,9,1,0
BRDA:143,10,0,0
BRDA:143,10,1,3
BRDA:148,11,0,0
BRDA:148,11,1,3
BRDA:148,12,0,3
BRDA:148,12,1,3
BRDA:153,13,0,0
BRDA:153,13,1,3
BRDA:153,14,0,3
BRDA:153,14,1,3
BRDA:158,15,0,0
BRDA:158,15,1,3
BRDA:163,16,0,1
BRDA:163,16,1,2
BRDA:163,17,0,3
BRDA:163,17,1,3
BRDA:163,17,2,2
BRDA:168,18,0,0
BRDA:168,18,1,2
BRDA:168,19,0,2
BRDA:168,19,1,2
BRDA:175,20,0,0
BRDA:175,20,1,2
BRDA:175,21,0,2
BRDA:175,21,1,2
BRDA:180,22,0,0
BRDA:180,22,1,2
BRDA:180,23,0,2
BRDA:180,23,1,2
BRF:49
BRH:40
end_of_record
TN:
SF:src\services\authService.js
FN:7,register
FN:25,login
FN:50,generateToken
FN:58,sanitizeUser
FNF:4
FNH:0
FNDA:0,register
FNDA:0,login
FNDA:0,generateToken
FNDA:0,sanitizeUser
DA:1,0
DA:2,0
DA:3,0
DA:5,0
DA:8,0
DA:9,0
DA:10,0
DA:11,0
DA:12,0
DA:15,0
DA:17,0
DA:21,0
DA:22,0
DA:26,0
DA:27,0
DA:28,0
DA:29,0
DA:30,0
DA:33,0
DA:34,0
DA:35,0
DA:36,0
DA:39,0
DA:40,0
DA:41,0
DA:42,0
DA:43,0
DA:46,0
DA:47,0
DA:51,0
DA:59,0
DA:60,0
DA:63,0
LF:33
LH:0
BRDA:9,0,0,0
BRDA:9,0,1,0
BRDA:27,1,0,0
BRDA:27,1,1,0
BRDA:33,2,0,0
BRDA:33,2,1,0
BRDA:40,3,0,0
BRDA:40,3,1,0
BRDA:54,4,0,0
BRDA:54,4,1,0
BRF:10
BRH:0
end_of_record
TN:
SF:src\services\courseService.js
FN:3,getCourses
FN:18,getCourse
FN:46,getLesson
FN:87,findNextLesson
FNF:4
FNH:0
FNDA:0,getCourses
FNDA:0,getCourse
FNDA:0,getLesson
FNDA:0,findNextLesson
DA:1,0
DA:4,0
DA:19,0
DA:38,0
DA:39,0
DA:40,0
DA:41,0
DA:43,0
DA:47,0
DA:73,0
DA:74,0
DA:75,0
DA:76,0
DA:79,0
DA:81,0
DA:88,0
DA:97,0
DA:98,0
DA:104,0
DA:119,0
DA:120,0
DA:127,0
DA:133,0
LF:23
LH:0
BRDA:38,0,0,0
BRDA:38,0,1,0
BRDA:73,1,0,0
BRDA:73,1,1,0
BRDA:97,2,0,0
BRDA:97,2,1,0
BRDA:119,3,0,0
BRDA:119,3,1,0
BRDA:119,4,0,0
BRDA:119,4,1,0
BRF:10
BRH:0
end_of_record
TN:
SF:src\services\gamificationService.js
FN:11,calculateRank
FN:19,computeStreak
FN:32,countUniqueCompletedTasks
FN:41,checkAchievements
FN:47,(anonymous_4)
FN:78,awardXp
FN:129,getLeaderboard
FN:145,getAchievementsForUser
FN:151,(anonymous_8)
FN:153,(anonymous_9)
FNF:10
FNH:2
FNDA:10,calculateRank
FNDA:7,computeStreak
FNDA:0,countUniqueCompletedTasks
FNDA:0,checkAchievements
FNDA:0,(anonymous_4)
FNDA:0,awardXp
FNDA:0,getLeaderboard
FNDA:0,getAchievementsForUser
FNDA:0,(anonymous_8)
FNDA:0,(anonymous_9)
DA:1,1
DA:3,1
DA:12,10
DA:13,10
DA:14,50
DA:16,10
DA:20,7
DA:22,5
DA:23,5
DA:24,5
DA:25,5
DA:27,5
DA:28,4
DA:29,2
DA:33,0
DA:38,0
DA:42,0
DA:43,0
DA:47,0
DA:49,0
DA:50,0
DA:52,0
DA:53,0
DA:55,0
DA:56,0
DA:57,0
DA:58,0
DA:59,0
DA:60,0
DA:61,0
DA:62,0
DA:63,0
DA:64,0
DA:67,0
DA:68,0
DA:71,0
DA:75,0
DA:79,0
DA:80,0
DA:82,0
DA:83,0
DA:84,0
DA:85,0
DA:87,0
DA:97,0
DA:99,0
DA:100,0
DA:101,0
DA:102,0
DA:103,0
DA:110,0
DA:111,0
DA:112,0
DA:113,0
DA:119,0
DA:130,0
DA:146,0
DA:147,0
DA:151,0
DA:153,0
DA:160,1
LF:61
LH:15
BRDA:14,0,0,30
BRDA:14,0,1,20
BRDA:19,1,0,2
BRDA:20,2,0,2
BRDA:20,2,1,5
BRDA:27,3,0,1
BRDA:27,3,1,4
BRDA:27,4,0,1
BRDA:27,4,1,0
BRDA:28,5,0,2
BRDA:28,5,1,2
BRDA:28,6,0,2
BRDA:28,6,1,1
BRDA:53,7,0,0
BRDA:53,7,1,0
BRDA:56,8,0,0
BRDA:56,8,1,0
BRDA:59,9,0,0
BRDA:59,9,1,0
BRDA:62,10,0,0
BRDA:62,10,1,0
BRDA:67,11,0,0
BRDA:67,11,1,0
BRDA:80,12,0,0
BRDA:80,12,1,0
BRDA:101,13,0,0
BRDA:101,13,1,0
BRDA:112,14,0,0
BRDA:112,14,1,0
BRDA:129,15,0,0
BRDA:156,16,0,0
BRDA:156,16,1,0
BRF:32
BRH:12
end_of_record
TN:
SF:src\services\taskService.js
FN:4,getTask
FN:34,submitSolution
FN:58,getSubmissionHistory
FNF:3
FNH:3
FNDA:2,getTask
FNDA:4,submitSolution
FNDA:1,getSubmissionHistory
DA:1,1
DA:2,1
DA:5,2
DA:25,2
DA:26,1
DA:27,1
DA:28,1
DA:31,1
DA:35,4
DA:36,4
DA:37,1
DA:38,1
DA:39,1
DA:42,3
DA:46,3
DA:50,3
DA:51,3
DA:52,1
DA:55,3
DA:59,1
DA:71,1
LF:21
LH:21
BRDA:25,0,0,1
BRDA:25,0,1,1
BRDA:36,1,0,1
BRDA:36,1,1,3
BRDA:51,2,0,1
BRDA:51,2,1,2
BRDA:51,3,0,3
BRDA:51,3,1,2
BRF:8
BRH:8
end_of_record
TN:
SF:src\services\userService.js
FN:7,updateProfile
FN:33,changePassword
FNF:2
FNH:0
FNDA:0,updateProfile
FNDA:0,changePassword
DA:1,0
DA:2,0
DA:3,0
DA:5,0
DA:8,0
DA:9,0
DA:10,0
DA:11,0
DA:14,0
DA:30,0
DA:34,0
DA:35,0
DA:36,0
DA:37,0
DA:39,0
DA:40,0
DA:41,0
DA:42,0
DA:44,0
DA:45,0
DA:46,0
DA:47,0
DA:50,0
DA:51,0
DA:52,0
DA:53,0
DA:54,0
DA:57,0
DA:58,0
DA:59,0
DA:60,0
DA:61,0
DA:64,0
DA:66,0
DA:71,0
DA:74,0
LF:36
LH:0
BRDA:8,0,0,0
BRDA:8,0,1,0
BRDA:34,1,0,0
BRDA:34,1,1,0
BRDA:34,2,0,0
BRDA:34,2,1,0
BRDA:39,3,0,0
BRDA:39,3,1,0
BRDA:44,4,0,0
BRDA:44,4,1,0
BRDA:51,5,0,0
BRDA:51,5,1,0
BRDA:58,6,0,0
BRDA:58,6,1,0
BRF:14
BRH:0
end_of_record
TN:
SF:src\utils\validation.js
FN:1,isValidEmail
FN:5,isValidPassword
FN:9,isValidName
FNF:3
FNH:3
FNDA:17,isValidEmail
FNDA:10,isValidPassword
FNDA:15,isValidName
DA:2,17
DA:6,10
DA:10,15
DA:13,2
LF:4
LH:4
BRDA:2,0,0,17
BRDA:2,0,1,13
BRDA:6,1,0,10
BRDA:6,1,1,7
BRDA:10,2,0,15
BRDA:10,2,1,12
BRF:6
BRH:6
end_of_record
